[0.009s] Invoking command in '/home/tamir/autonomous_robot/autonomous_robot_control/build/autonomous_robot_control': CMAKE_PREFIX_PATH=${CMAKE_PREFIX_PATH}:/home/tamir/ros2_ws/install/turtle_spawner:/home/tamir/ros2_ws/install/turtle_controller:/home/tamir/ros2_ws/install/my_py_pkg:/home/tamir/install/turtlebot3_gazebo:/home/tamir/install/turtle_spawner:/home/tamir/install/turtle_controller:/home/tamir/install/my_py_pkg:/opt/ros/humble /usr/bin/cmake /home/tamir/autonomous_robot/autonomous_robot_control -DCMAKE_INSTALL_PREFIX=/home/tamir/autonomous_robot/autonomous_robot_control/install/autonomous_robot_control
[0.017s] -- Found ament_cmake: 1.3.10 (/opt/ros/humble/share/ament_cmake/cmake)
[0.136s] -- Found rclpy: 3.3.14 (/opt/ros/humble/share/rclpy/cmake)
[0.136s] -- Found rclcpp: 16.0.10 (/opt/ros/humble/share/rclcpp/cmake)
[0.155s] -- Found rosidl_generator_c: 3.1.5 (/opt/ros/humble/share/rosidl_generator_c/cmake)
[0.157s] -- Found rosidl_adapter: 3.1.5 (/opt/ros/humble/share/rosidl_adapter/cmake)
[0.161s] -- Found rosidl_generator_cpp: 3.1.5 (/opt/ros/humble/share/rosidl_generator_cpp/cmake)
[0.167s] -- Using all available rosidl_typesupport_c: rosidl_typesupport_fastrtps_c;rosidl_typesupport_introspection_c
[0.176s] -- Using all available rosidl_typesupport_cpp: rosidl_typesupport_fastrtps_cpp;rosidl_typesupport_introspection_cpp
[0.197s] -- Found rmw_implementation_cmake: 6.1.2 (/opt/ros/humble/share/rmw_implementation_cmake/cmake)
[0.199s] -- Found rmw_cyclonedds_cpp: 1.3.4 (/opt/ros/humble/share/rmw_cyclonedds_cpp/cmake)
[0.211s] -- Using RMW implementation 'rmw_cyclonedds_cpp' as default
[0.243s] -- Found sensor_msgs: 4.2.4 (/opt/ros/humble/share/sensor_msgs/cmake)
[0.262s] -- Found robot_common_interfaces: 0.0.0 (/home/tamir/autonomous_robot/install/robot_common_interfaces/share/robot_common_interfaces/cmake)
[0.319s] -- Configuring done
[0.327s] -- Generating done
[0.328s] -- Build files have been written to: /home/tamir/autonomous_robot/autonomous_robot_control/build/autonomous_robot_control
[0.334s] Invoked command in '/home/tamir/autonomous_robot/autonomous_robot_control/build/autonomous_robot_control' returned '0': CMAKE_PREFIX_PATH=${CMAKE_PREFIX_PATH}:/home/tamir/ros2_ws/install/turtle_spawner:/home/tamir/ros2_ws/install/turtle_controller:/home/tamir/ros2_ws/install/my_py_pkg:/home/tamir/install/turtlebot3_gazebo:/home/tamir/install/turtle_spawner:/home/tamir/install/turtle_controller:/home/tamir/install/my_py_pkg:/opt/ros/humble /usr/bin/cmake /home/tamir/autonomous_robot/autonomous_robot_control -DCMAKE_INSTALL_PREFIX=/home/tamir/autonomous_robot/autonomous_robot_control/install/autonomous_robot_control
[0.335s] Invoking command in '/home/tamir/autonomous_robot/autonomous_robot_control/build/autonomous_robot_control': CMAKE_PREFIX_PATH=${CMAKE_PREFIX_PATH}:/home/tamir/ros2_ws/install/turtle_spawner:/home/tamir/ros2_ws/install/turtle_controller:/home/tamir/ros2_ws/install/my_py_pkg:/home/tamir/install/turtlebot3_gazebo:/home/tamir/install/turtle_spawner:/home/tamir/install/turtle_controller:/home/tamir/install/my_py_pkg:/opt/ros/humble /usr/bin/cmake --build /home/tamir/autonomous_robot/autonomous_robot_control/build/autonomous_robot_control -- -j12 -l12
[0.387s] [ 16%] [32mBuilding CXX object CMakeFiles/autonomous_robot_control.dir/src/prototype_joy_controller_class.cpp.o[0m
[0.387s] [ 33%] [32mBuilding CXX object CMakeFiles/teleop_joy_node.dir/src/teleop_joy_node.cpp.o[0m
[0.492s] [ 50%] [32m[1mLinking CXX static library libautonomous_robot_control.a[0m
[0.520s] [ 50%] Built target autonomous_robot_control
[0.538s] [ 66%] [32mBuilding CXX object CMakeFiles/prototype_joy_driver.dir/src/prototype_joy_driver.cpp.o[0m
[5.936s] [ 83%] [32m[1mLinking CXX executable teleop_joy_node[0m
[6.147s] [100%] [32m[1mLinking CXX executable prototype_joy_driver[0m
[6.244s] [100%] Built target teleop_joy_node
[6.418s] /usr/bin/ld: libautonomous_robot_control.a(prototype_joy_controller_class.cpp.o): in function `PrototypeControl::compute_control(double, double, bool)':
[6.418s] prototype_joy_controller_class.cpp:(.text+0x498): undefined reference to `PrototypeControl::SpeedCtrl(double, int)'
[6.418s] /usr/bin/ld: prototype_joy_controller_class.cpp:(.text+0x4c6): undefined reference to `PrototypeControl::SpeedCtrl(double, int)'
[6.418s] /usr/bin/ld: prototype_joy_controller_class.cpp:(.text+0x529): undefined reference to `PrototypeControl::SpeedCtrl(double, int)'
[6.418s] /usr/bin/ld: prototype_joy_controller_class.cpp:(.text+0x55e): undefined reference to `PrototypeControl::SpeedCtrl(double, int)'
[6.418s] /usr/bin/ld: prototype_joy_controller_class.cpp:(.text+0x5cf): undefined reference to `PrototypeControl::SpeedCtrl(double, int)'
[6.418s] /usr/bin/ld: libautonomous_robot_control.a(prototype_joy_controller_class.cpp.o):prototype_joy_controller_class.cpp:(.text+0x5fd): more undefined references to `PrototypeControl::SpeedCtrl(double, int)' follow
[6.433s] collect2: error: ld returned 1 exit status
[6.435s] gmake[2]: *** [CMakeFiles/prototype_joy_driver.dir/build.make:184: prototype_joy_driver] Error 1
[6.435s] gmake[1]: *** [CMakeFiles/Makefile2:193: CMakeFiles/prototype_joy_driver.dir/all] Error 2
[6.435s] gmake: *** [Makefile:146: all] Error 2
[6.438s] Invoked command in '/home/tamir/autonomous_robot/autonomous_robot_control/build/autonomous_robot_control' returned '2': CMAKE_PREFIX_PATH=${CMAKE_PREFIX_PATH}:/home/tamir/ros2_ws/install/turtle_spawner:/home/tamir/ros2_ws/install/turtle_controller:/home/tamir/ros2_ws/install/my_py_pkg:/home/tamir/install/turtlebot3_gazebo:/home/tamir/install/turtle_spawner:/home/tamir/install/turtle_controller:/home/tamir/install/my_py_pkg:/opt/ros/humble /usr/bin/cmake --build /home/tamir/autonomous_robot/autonomous_robot_control/build/autonomous_robot_control -- -j12 -l12
