[0.010s] Invoking command in '/home/tamir/autonomous_robot/autonomous_robot_control/build/autonomous_robot_control': CMAKE_PREFIX_PATH=${CMAKE_PREFIX_PATH}:/home/tamir/ros2_ws/install/turtle_spawner:/home/tamir/ros2_ws/install/turtle_controller:/home/tamir/ros2_ws/install/my_py_pkg:/home/tamir/install/turtlebot3_gazebo:/home/tamir/install/turtle_spawner:/home/tamir/install/turtle_controller:/home/tamir/install/my_py_pkg:/opt/ros/humble /usr/bin/cmake --build /home/tamir/autonomous_robot/autonomous_robot_control/build/autonomous_robot_control -- -j12 -l12
[0.047s] [35m[1mConsolidate compiler generated dependencies of target autonomous_robot_control[0m
[0.047s] [35m[1mConsolidate compiler generated dependencies of target teleop_joy_node[0m
[0.061s] [ 16%] [32mBuilding CXX object CMakeFiles/autonomous_robot_control.dir/src/prototype_joy_controller_class.cpp.o[0m
[0.069s] [ 50%] Built target teleop_joy_node
[0.091s] [01m[K/home/tamir/autonomous_robot/autonomous_robot_control/src/prototype_joy_controller_class.cpp:2:10:[m[K [01;31m[Kfatal error: [m[Kprototype_joy_controller_class.hpp: No such file or directory
[0.091s]     2 | #include [01;31m[K"prototype_joy_controller_class.hpp"[m[K
[0.091s]       |          [01;31m[K^~~~~~~~~~~~~~~~~~~~~~~~~~~~~~~~~~~~[m[K
[0.091s] compilation terminated.
[0.092s] gmake[2]: *** [CMakeFiles/autonomous_robot_control.dir/build.make:76: CMakeFiles/autonomous_robot_control.dir/src/prototype_joy_controller_class.cpp.o] Error 1
[0.092s] gmake[1]: *** [CMakeFiles/Makefile2:141: CMakeFiles/autonomous_robot_control.dir/all] Error 2
[0.092s] gmake: *** [Makefile:146: all] Error 2
[0.094s] Invoked command in '/home/tamir/autonomous_robot/autonomous_robot_control/build/autonomous_robot_control' returned '2': CMAKE_PREFIX_PATH=${CMAKE_PREFIX_PATH}:/home/tamir/ros2_ws/install/turtle_spawner:/home/tamir/ros2_ws/install/turtle_controller:/home/tamir/ros2_ws/install/my_py_pkg:/home/tamir/install/turtlebot3_gazebo:/home/tamir/install/turtle_spawner:/home/tamir/install/turtle_controller:/home/tamir/install/my_py_pkg:/opt/ros/humble /usr/bin/cmake --build /home/tamir/autonomous_robot/autonomous_robot_control/build/autonomous_robot_control -- -j12 -l12
